2025/06/03 04:56:15 Server starting on port 3003
2025/06/03 04:56:16 Server starting on port 3003
2025/06/03 04:56:22 Attempting login for email: chaki@gmail.com
2025/06/03 04:58:43 Server starting on port 3003
2025/06/03 04:58:43 Attempting login for email: chaki@gmail.com
2025/06/03 05:01:59 Server starting on port 3003
2025/06/03 05:02:00 Attempting login for email: chaki@gmail.com
2025/06/03 05:02:00 Attempting login for email: chaki@gmail.com
2025/06/03 05:02:50 Server starting on port 3003
2025/06/03 05:02:52 Attempting login for email: chaki@gmail.com
2025/06/03 05:02:52 Attempting login for email: chaki@gmail.com
2025/06/03 05:02:52 Attempting login for email: chaki@gmail.com
2025/06/03 05:03:07 Server starting on port 3003
2025/06/03 05:03:12 Attempting login for email: chaki@gmail.com
2025/06/03 05:03:12 Attempting login for email: chaki@gmail.com
2025/06/03 05:03:12 Attempting login for email: chaki@gmail.com
2025/06/03 05:03:12 Attempting login for email: chaki@gmail.com
2025/06/03 05:03:12 Server starting on port 3003
2025/06/03 05:04:52 Attempting login for email: chaki@gmail.com
2025/06/03 05:04:52 Attempting login for email: chaki@gmail.com
2025/06/03 05:04:52 Attempting login for email: chaki@gmail.com
2025/06/03 05:04:52 Attempting login for email: 123456
2025/06/03 05:06:10 Server starting on port 3003
2025/06/03 05:06:26 Server starting on port 3003
2025/06/03 05:06:33 Server starting on port 3003
2025/06/03 05:06:40 Attempting login for email: chaki@gmail.com
2025/06/03 05:09:01 Server starting on port 3003
2025/06/03 05:09:20 Server starting on port 3003
2025/06/03 05:09:21 Attempting login for email: chaki@gmail.com
2025/06/03 05:09:21 Attempting login for email: chaki@gmail.com
2025/06/03 05:09:21 Attempting login for email: chaki@gmail.com
2025/06/03 05:09:33 Server starting on port 3003
2025/06/03 05:09:33 Attempting login for email: chaki@gmail.com
2025/06/03 05:09:33 Attempting login for email: chaki@gmail.com
2025/06/03 05:09:33 Attempting login for email: chaki@gmail.com
2025/06/03 05:09:47 Attempting login for email: chaki@gmail.com
2025/06/03 05:09:47 Attempting login for email: chaki@gmail.com
2025/06/03 05:09:47 Attempting login for email: chaki@gmail.com
2025/06/03 05:09:47 Server starting on port 3003
2025/06/03 05:09:53 Attempting login for email: chaki@gmail.com
2025/06/03 05:09:53 Attempting login for email: chaki@gmail.com
2025/06/03 05:09:53 Attempting login for email: chaki@gmail.com
2025/06/03 05:10:15 Attempting login for email: chaki@gmail.com
2025/06/03 05:10:15 Attempting login for email: chaki@gmail.com
2025/06/03 05:10:15 Attempting login for email: chaki@gmail.com
2025/06/03 05:10:15 Server starting on port 3003
2025/06/03 05:10:22 Attempting login for email: chaki@gmail.com
2025/06/03 05:10:22 Attempting login for email: chaki@gmail.com
2025/06/03 05:10:22 Attempting login for email: chaki@gmail.com
2025/06/03 05:10:30 Attempting login for email: chaki@gmail.com
2025/06/03 05:10:30 Attempting login for email: chaki@gmail.com
2025/06/03 05:10:30 Attempting login for email: chaki@gmail.com
2025/06/03 05:10:44 Server starting on port 3003
2025/06/03 05:10:46 Attempting login for email: chaki@gmail.com
2025/06/03 05:10:46 Attempting login for email: chaki@gmail.com
2025/06/03 05:10:46 Attempting login for email: chaki@gmail.com
2025/06/03 05:10:59 Server starting on port 3003
2025/06/03 05:10:59 Attempting login for email: chaki@gmail.com
2025/06/03 05:10:59 Attempting login for email: chaki@gmail.com
2025/06/03 05:10:59 Attempting login for email: chaki@gmail.com
2025/06/03 05:11:34 Server starting on port 3003
2025/06/03 05:11:34 Attempting login for email: chaki@gmail.com
2025/06/03 05:11:34 Attempting login for email: chaki@gmail.com
2025/06/03 05:11:34 Attempting login for email: chaki@gmail.com
2025/06/03 05:12:28 Attempting login for email: chaki@gmail.com
2025/06/03 05:12:28 Attempting login for email: chaki@gmail.com
2025/06/03 05:12:28 Attempting login for email: chaki@gmail.com
2025/06/03 05:12:49 Server starting on port 3003
2025/06/03 05:12:50 Attempting login for email: chaki@gmail.com
2025/06/03 05:12:50 Attempting login for email: chaki@gmail.com
2025/06/03 05:12:50 Attempting login for email: chaki@gmail.com
2025/06/03 05:13:42 Attempting login for email: chaki@gmail.com
2025/06/03 05:13:42 Attempting login for email: chaki@gmail.com
2025/06/03 05:13:42 Attempting login for email: chaki@gmail.com
2025/06/03 05:13:42 Server starting on port 3003
2025/06/03 05:14:17 Server starting on port 3003
2025/06/03 05:14:17 Attempting login for email: chaki@gmail.com
2025/06/03 05:14:17 Attempting login for email: chaki@gmail.com
2025/06/03 05:14:17 Attempting login for email: chaki@gmail.com
2025/06/03 05:14:17 Attempting login for email: chaki@gmail.com
2025/06/03 05:14:17 Attempting login for emaildd: secrets
2025/06/03 05:14:17 Attempting login for emaildd: chaki@gmail.com
2025/06/03 05:15:26 Server starting on port 3003
2025/06/03 05:15:26 Attempting login for email: chaki@gmail.com
2025/06/03 05:15:26 Attempting login for email: chaki@gmail.com
2025/06/03 05:15:26 Attempting login for email: chaki@gmail.com
2025/06/03 05:15:26 Attempting login for email: chaki@gmail.com
2025/06/03 05:15:26 Attempting login for emaildd: secrets
2025/06/03 05:15:26 Attempting login for emaildd: chaki@gmail.com
2025/06/03 05:15:43 Server starting on port 3003
2025/06/03 05:16:19 Server starting on port 3003
2025/06/03 05:16:36 Server starting on port 3003
2025/06/03 05:16:38 Attempting login for email: chaki@gmail.com
2025/06/03 05:16:39 Generating JWT token for user chaki@gmail.com, expires at: 2025-06-04 05:16:39.051521836 +0000 UTC m=+86402.507141364
2025/06/03 05:16:39 Login successful for user: chaki@gmail.com
2025/06/03 05:20:33 Server starting on port 3003
2025/06/03 05:20:47 Server starting on port 3003
2025/06/03 05:20:54 Server starting on port 3003
2025/06/03 05:20:58 Server starting on port 3003
2025/06/03 05:20:59 Server starting on port 3003
2025/06/03 05:21:07 Server starting on port 3003
2025/06/03 05:22:50 Server starting on port 3003
2025/06/03 05:22:53 Server starting on port 3003
2025/06/03 05:24:29 Server starting on port 3003
2025/06/03 05:24:30 Server starting on port 3003
2025/06/03 05:24:35 Server starting on port 3003
2025/06/03 05:25:42 Server starting on port 3003
2025/06/03 05:25:46 Server starting on port 3003
2025/06/03 05:28:07 Server starting on port 3003
2025/06/03 05:28:40 Received login request from IP: ::1
2025/06/03 05:28:40 Processing login for email: chaki@gmail.com
2025/06/03 05:28:40 Attempting login for email: chaki@gmail.com
2025/06/03 05:28:40 Generating JWT token for user chaki@gmail.com, expires at: 2025-06-04 05:28:40.405034125 +0000 UTC m=+86433.384997628
2025/06/03 05:28:40 Login successful for user: chaki@gmail.com
2025/06/03 05:28:40 Login successful for email: chaki@gmail.com
2025/06/03 05:29:11 Server starting on port 3003
2025/06/03 05:29:19 Server starting on port 3003
2025/06/03 05:29:37 Server starting on port 3003
2025/06/03 05:30:46 Server starting on port 3003
2025/06/03 05:31:38 Server starting on port 3003
2025/06/03 05:31:41 Server starting on port 3003
2025/06/03 05:32:14 Server starting on port 3003
2025/06/03 05:32:22 Server starting on port 3003
2025/06/03 05:32:26 Server starting on port 3003
2025/06/03 05:32:27 Server starting on port 3003
2025/06/03 05:47:37 Server starting on port 3003
2025/06/03 05:47:50 Server starting on port 3003
2025/06/03 05:48:04 Server starting on port 3003
2025/06/03 05:48:23 Server starting on port 3003
2025/06/03 05:48:32 Server starting on port 3003
2025/06/03 05:49:27 Server starting on port 3003
2025/06/03 05:49:35 Server starting on port 3003
2025/06/03 05:51:30 Received login request from IP: ::1
2025/06/03 05:51:30 Processing login for email: chaki@gmail.com
2025/06/03 05:51:30 Attempting login for email: chaki@gmail.com
2025/06/03 05:51:30 Generating JWT token for user chaki@gmail.com, expires at: 2025-06-04 05:51:30.196291612 +0000 UTC m=+86514.705492201
2025/06/03 05:51:30 Login successful for user: chaki@gmail.com
2025/06/03 05:51:30 Login successful for email: chaki@gmail.com
2025/06/03 05:54:09 Server starting on port 3003
2025/06/03 05:54:16 Server starting on port 3003
2025/06/03 05:54:23 Server starting on port 3003
2025/06/03 05:54:25 Processing request: GET /posts
2025/06/03 05:54:25 User authenticated: ID=1
2025/06/03 05:54:33 Processing request: GET /profile
2025/06/03 05:54:33 User authenticated: ID=1
2025/06/03 05:54:33 Received profile request from IP: ::1
2025/06/03 05:54:33 Processing profile request for user ID: 1
2025/06/03 05:54:33 Fetching profile for user ID: 1
2025/06/03 05:54:33 User found: &{ID:1 Username:PK Chaki Email:chaki@gmail.com Password:$2a$10$XKODCoDOBIJBEYu8jWPM9Ohii0nwDysFIEklFe2u76zDTGGwd1i8W Name:PK Chaki Birthday:{wall:0 ext:62766748800 loc:0xdd13c0} Roles:[{ID:1 Name:user Description: CreatedAt:2025-06-03 04:48:17 +0000 UTC UpdatedAt:2025-06-03 04:48:17 +0000 UTC Users:[] Permissions:[]}] CreatedAt:2025-06-03 04:48:17 +0000 UTC UpdatedAt:2025-06-03 04:48:17 +0000 UTC}
2025/06/03 05:54:33 Created profile response: &{ID:1 Username:PK Chaki Email:chaki@gmail.com Name:PK Chaki Birthday:1990-01-01 00:00:00 +0000 UTC Roles:[user] CreatedAt:2025-06-03 04:48:17 +0000 UTC UpdatedAt:2025-06-03 04:48:17 +0000 UTC}
2025/06/03 05:54:33 Failed to create audit log for profile view: failed to parse field: OldValues, error: unsupported data type: bad_boyes/internal/models.JSON: Table not set, please set it like: db.Model(&user) or db.Table("users")
2025/06/03 05:54:33 Profile fetched successfully for user: chaki@gmail.com
2025/06/03 05:54:33 Profile fetched successfully for user ID: 1
2025/06/03 06:07:29 Processing request: POST /posts
2025/06/03 06:07:29 User authenticated: ID=1
2025/06/03 06:09:15 Processing request: POST /posts
2025/06/03 06:09:15 User authenticated: ID=1
2025/06/03 06:09:30 Processing request: POST /posts
2025/06/03 06:09:30 User authenticated: ID=1
2025/06/03 06:10:05 Server starting on port 3003
2025/06/03 06:10:14 Server starting on port 3003
2025/06/03 06:10:17 Processing request: POST /posts
2025/06/03 06:10:17 User authenticated: ID=1
2025/06/03 06:11:09 Server starting on port 3003
2025/06/03 06:11:18 Processing request: POST /posts
2025/06/03 06:11:18 User authenticated: ID=1
2025/06/03 06:12:10 Processing request: POST /posts
2025/06/03 06:12:10 User authenticated: ID=1
2025/06/03 06:14:50 Server starting on port 3003
2025/06/03 06:14:53 Server starting on port 3003
2025/06/03 06:15:00 Processing request: POST /posts
2025/06/03 06:15:00 User authenticated: ID=1
2025/06/03 06:15:00 Starting post creation for user ID: 1
2025/06/03 06:15:00 Request data: {Title:Test Post Description:This is a test post description Address:123 Test Street ContactName:John Doe MobileNumber:1234567890 IncidentDate:{wall:0 ext:63845366400 loc:<nil>} IsAnonymous:false Visibility:public AllowComments:true}
2025/06/03 06:15:00 Created post object: &{ID:0 UserID:1 Title:Test Post Description:This is a test post description Address:123 Test Street ContactName:John Doe MobileNumber:1234567890 IncidentDate:{wall:0 ext:63845366400 loc:<nil>} Status:active IsAnonymous:false Visibility:public AllowComments:true CreatedAt:0001-01-01 00:00:00 +0000 UTC UpdatedAt:0001-01-01 00:00:00 +0000 UTC User:{ID:0 Username: Email: Password: Name: Birthday:{wall:0 ext:0 loc:<nil>} Roles:[] CreatedAt:0001-01-01 00:00:00 +0000 UTC UpdatedAt:0001-01-01 00:00:00 +0000 UTC}}
2025/06/03 06:15:00 Attempting to save post to database
2025/06/03 06:15:00 Post saved successfully with ID: 4
2025/06/03 06:15:00 Creating audit log for post creation
2025/06/03 06:15:00 Audit log object created: &{ID:0 UserID:0xc0002184a8 User:<nil> Action:create TableName:posts RecordID:4 OldValues:map[] NewValues:map[address:123 Test Street allow_comments:true contact_name:John Doe description:This is a test post description incident_date:2024-03-07 is_anonymous:false mobile_number:1234567890 status:active title:Test Post visibility:public] CreatedAt:0001-01-01 00:00:00 +0000 UTC UpdatedAt:0001-01-01 00:00:00 +0000 UTC}
2025/06/03 06:15:00 Attempting to save audit log
2025/06/03 06:15:00 Failed to create audit log: failed to parse field: OldValues, error: unsupported data type: bad_boyes/internal/models.JSON: Table not set, please set it like: db.Model(&user) or db.Table("users")
2025/06/03 06:16:08 Server starting on port 3003
2025/06/03 06:16:36 Server starting on port 3003
2025/06/03 06:16:37 Server starting on port 3003
2025/06/03 06:16:45 Processing request: POST /posts
2025/06/03 06:16:45 User authenticated: ID=1
2025/06/03 06:16:45 Starting post creation for user ID: 1
2025/06/03 06:16:45 Request data: {Title:Test Post Description:This is a test post description Address:123 Test Street ContactName:John Doe MobileNumber:1234567890 IncidentDate:{wall:0 ext:63845366400 loc:<nil>} IsAnonymous:false Visibility:public AllowComments:true}
2025/06/03 06:16:45 Created post object: &{ID:0 UserID:1 Title:Test Post Description:This is a test post description Address:123 Test Street ContactName:John Doe MobileNumber:1234567890 IncidentDate:{wall:0 ext:63845366400 loc:<nil>} Status:active IsAnonymous:false Visibility:public AllowComments:true CreatedAt:0001-01-01 00:00:00 +0000 UTC UpdatedAt:0001-01-01 00:00:00 +0000 UTC User:{ID:0 Username: Email: Password: Name: Birthday:{wall:0 ext:0 loc:<nil>} Roles:[] CreatedAt:0001-01-01 00:00:00 +0000 UTC UpdatedAt:0001-01-01 00:00:00 +0000 UTC}}
2025/06/03 06:16:45 Attempting to save post to database
2025/06/03 06:16:45 Post saved successfully with ID: 5
2025/06/03 06:16:45 Creating audit log for post creation
2025/06/03 06:16:45 Audit log object created: &{ID:0 UserID:0xc000231a18 User:<nil> Action:create TableName:posts RecordID:5 OldValues:map[] NewValues:map[address:123 Test Street allow_comments:true contact_name:John Doe description:This is a test post description incident_date:2024-03-07 is_anonymous:false mobile_number:1234567890 status:active title:Test Post visibility:public] CreatedAt:0001-01-01 00:00:00 +0000 UTC UpdatedAt:0001-01-01 00:00:00 +0000 UTC}
2025/06/03 06:16:45 Attempting to save audit log
2025/06/03 06:16:45 Creating audit log: &{ID:0 UserID:0xc000231a18 User:<nil> Action:create TableName:posts RecordID:5 OldValues:map[] NewValues:map[address:123 Test Street allow_comments:true contact_name:John Doe description:This is a test post description incident_date:2024-03-07 is_anonymous:false mobile_number:1234567890 status:active title:Test Post visibility:public] CreatedAt:0001-01-01 00:00:00 +0000 UTC UpdatedAt:0001-01-01 00:00:00 +0000 UTC}
2025/06/03 06:16:45 Audit log saved successfully
2025/06/03 06:16:45 Post creation completed successfully for user ID: 1
2025/06/03 06:17:33 Processing request: GET /posts
2025/06/03 06:17:33 User authenticated: ID=1
2025/06/03 06:19:05 Processing request: GET /posts
2025/06/03 06:19:05 User authenticated: ID=1
